Flow report for pipeline
Mon May 30 19:14:10 2011
Quartus II Version 9.0 Build 235 06/17/2009 Service Pack 2 SJ Web Edition


---------------------
; Table of Contents ;
---------------------
  1. Legal Notice
  2. Flow Summary
  3. Flow Settings
  4. Flow Non-Default Global Settings
  5. Flow Elapsed Time
  6. Flow OS Summary
  7. Flow Log



----------------
; Legal Notice ;
----------------
Copyright (C) 1991-2009 Altera Corporation
Your use of Altera Corporation's design tools, logic functions 
and other software and tools, and its AMPP partner logic 
functions, and any output files from any of the foregoing 
(including device programming or simulation files), and any 
associated documentation or information are expressly subject 
to the terms and conditions of the Altera Program License 
Subscription Agreement, Altera MegaCore Function License 
Agreement, or other applicable license agreement, including, 
without limitation, that your use is for the sole purpose of 
programming logic devices manufactured by Altera and sold by 
Altera or its authorized distributors.  Please refer to the 
applicable agreement for further details.



+-----------------------------------------------------------------------------------+
; Flow Summary                                                                      ;
+------------------------------------+----------------------------------------------+
; Flow Status                        ; Successful - Mon May 30 19:13:59 2011        ;
; Quartus II Version                 ; 9.0 Build 235 06/17/2009 SP 2 SJ Web Edition ;
; Revision Name                      ; pipeline                                     ;
; Top-level Entity Name              ; pipecu                                       ;
; Family                             ; Cyclone III                                  ;
; Device                             ; EP3C120F780I7                                ;
; Timing Models                      ; Final                                        ;
; Met timing requirements            ; N/A                                          ;
; Total logic elements               ; 40 / 119,088 ( < 1 % )                       ;
;     Total combinational functions  ; 40 / 119,088 ( < 1 % )                       ;
;     Dedicated logic registers      ; 0 / 119,088 ( 0 % )                          ;
; Total registers                    ; 0                                            ;
; Total pins                         ; 34 / 532 ( 6 % )                             ;
; Total virtual pins                 ; 0                                            ;
; Total memory bits                  ; 0 / 3,981,312 ( 0 % )                        ;
; Embedded Multiplier 9-bit elements ; 0 / 576 ( 0 % )                              ;
; Total PLLs                         ; 0 / 4 ( 0 % )                                ;
+------------------------------------+----------------------------------------------+


+-----------------------------------------+
; Flow Settings                           ;
+-------------------+---------------------+
; Option            ; Setting             ;
+-------------------+---------------------+
; Start date & time ; 05/30/2011 19:12:37 ;
; Main task         ; Compilation         ;
; Revision Name     ; pipeline            ;
+-------------------+---------------------+


+------------------------------------------------------------------------------------------------------------------+
; Flow Non-Default Global Settings                                                                                 ;
+------------------------------------+------------------------------+---------------+-------------+----------------+
; Assignment Name                    ; Value                        ; Default Value ; Entity Name ; Section Id     ;
+------------------------------------+------------------------------+---------------+-------------+----------------+
; COMPILER_SIGNATURE_ID              ; 143517875785.130680075705704 ; --            ; --          ; --             ;
; IP_TOOL_NAME                       ; LPM_CONSTANT                 ; --            ; --          ; --             ;
; IP_TOOL_VERSION                    ; 9.0                          ; --            ; --          ; --             ;
; MAX_CORE_JUNCTION_TEMP             ; 100                          ; --            ; --          ; --             ;
; MIN_CORE_JUNCTION_TEMP             ; -40                          ; --            ; --          ; --             ;
; MISC_FILE                          ; lpm_constant0.bsf            ; --            ; --          ; --             ;
; MISC_FILE                          ; lpm_constant0.cmp            ; --            ; --          ; --             ;
; NOMINAL_CORE_SUPPLY_VOLTAGE        ; 1.2V                         ; --            ; --          ; --             ;
; PARTITION_COLOR                    ; 16764057                     ; --            ; pipecu      ; Top            ;
; PARTITION_NETLIST_TYPE             ; SOURCE                       ; --            ; pipecu      ; Top            ;
; TOP_LEVEL_ENTITY                   ; pipecu                       ; pipeline      ; --          ; --             ;
; USE_GENERATED_PHYSICAL_CONSTRAINTS ; Off                          ; --            ; --          ; eda_blast_fpga ;
+------------------------------------+------------------------------+---------------+-------------+----------------+


+-------------------------------------------------------------------------------------------------------------------------------+
; Flow Elapsed Time                                                                                                             ;
+---------------------------+--------------+-------------------------+---------------------+------------------------------------+
; Module Name               ; Elapsed Time ; Average Processors Used ; Peak Virtual Memory ; Total CPU Time (on all processors) ;
+---------------------------+--------------+-------------------------+---------------------+------------------------------------+
; Analysis & Synthesis      ; 00:00:03     ; 1.0                     ; 232 MB              ; 00:00:02                           ;
; Fitter                    ; 00:00:46     ; 1.0                     ; 366 MB              ; 00:00:45                           ;
; Assembler                 ; 00:00:23     ; 1.0                     ; 425 MB              ; 00:00:23                           ;
; TimeQuest Timing Analyzer ; 00:00:09     ; 1.0                     ; 278 MB              ; 00:00:07                           ;
; Total                     ; 00:01:21     ; --                      ; --                  ; 00:01:17                           ;
+---------------------------+--------------+-------------------------+---------------------+------------------------------------+


+--------------------------------------------------------------------------------------------+
; Flow OS Summary                                                                            ;
+---------------------------+------------------+---------------+------------+----------------+
; Module Name               ; Machine Hostname ; OS Name       ; OS Version ; Processor type ;
+---------------------------+------------------+---------------+------------+----------------+
; Analysis & Synthesis      ; MSOE-2CE927R4VY  ; Windows Vista ; 6.1        ; x86_64         ;
; Fitter                    ; MSOE-2CE927R4VY  ; Windows Vista ; 6.1        ; x86_64         ;
; Assembler                 ; MSOE-2CE927R4VY  ; Windows Vista ; 6.1        ; x86_64         ;
; TimeQuest Timing Analyzer ; MSOE-2CE927R4VY  ; Windows Vista ; 6.1        ; x86_64         ;
+---------------------------+------------------+---------------+------------+----------------+


------------
; Flow Log ;
------------
quartus_map --read_settings_files=on --write_settings_files=off pipeline -c pipeline
quartus_fit --read_settings_files=off --write_settings_files=off pipeline -c pipeline
quartus_asm --read_settings_files=off --write_settings_files=off pipeline -c pipeline
quartus_sta pipeline -c pipeline



