Analysis & Synthesis report for pipeline
Mon May 30 19:12:40 2011
Quartus II Version 9.0 Build 235 06/17/2009 Service Pack 2 SJ Web Edition


---------------------
; Table of Contents ;
---------------------
  1. Legal Notice
  2. Analysis & Synthesis Summary
  3. Analysis & Synthesis Settings
  4. Analysis & Synthesis Source Files Read
  5. Analysis & Synthesis Resource Usage Summary
  6. Analysis & Synthesis Resource Utilization by Entity
  7. General Register Statistics
  8. Multiplexer Restructuring Statistics (Restructuring Performed)
  9. Analysis & Synthesis Messages



----------------
; Legal Notice ;
----------------
Copyright (C) 1991-2009 Altera Corporation
Your use of Altera Corporation's design tools, logic functions 
and other software and tools, and its AMPP partner logic 
functions, and any output files from any of the foregoing 
(including device programming or simulation files), and any 
associated documentation or information are expressly subject 
to the terms and conditions of the Altera Program License 
Subscription Agreement, Altera MegaCore Function License 
Agreement, or other applicable license agreement, including, 
without limitation, that your use is for the sole purpose of 
programming logic devices manufactured by Altera and sold by 
Altera or its authorized distributors.  Please refer to the 
applicable agreement for further details.



+-----------------------------------------------------------------------------------+
; Analysis & Synthesis Summary                                                      ;
+------------------------------------+----------------------------------------------+
; Analysis & Synthesis Status        ; Successful - Mon May 30 19:12:40 2011        ;
; Quartus II Version                 ; 9.0 Build 235 06/17/2009 SP 2 SJ Web Edition ;
; Revision Name                      ; pipeline                                     ;
; Top-level Entity Name              ; pipecu                                       ;
; Family                             ; Cyclone III                                  ;
; Total logic elements               ; 40                                           ;
;     Total combinational functions  ; 40                                           ;
;     Dedicated logic registers      ; 0                                            ;
; Total registers                    ; 0                                            ;
; Total pins                         ; 34                                           ;
; Total virtual pins                 ; 0                                            ;
; Total memory bits                  ; 0                                            ;
; Embedded Multiplier 9-bit elements ; 0                                            ;
; Total PLLs                         ; 0                                            ;
+------------------------------------+----------------------------------------------+


+--------------------------------------------------------------------------------------------------------+
; Analysis & Synthesis Settings                                                                          ;
+--------------------------------------------------------------+--------------------+--------------------+
; Option                                                       ; Setting            ; Default Value      ;
+--------------------------------------------------------------+--------------------+--------------------+
; Device                                                       ; EP3C120F780I7      ;                    ;
; Top-level entity name                                        ; pipecu             ; pipeline           ;
; Family name                                                  ; Cyclone III        ; Stratix II         ;
; Use Generated Physical Constraints File                      ; Off                ;                    ;
; Use smart compilation                                        ; Off                ; Off                ;
; Restructure Multiplexers                                     ; Auto               ; Auto               ;
; Create Debugging Nodes for IP Cores                          ; Off                ; Off                ;
; Preserve fewer node names                                    ; On                 ; On                 ;
; Disable OpenCore Plus hardware evaluation                    ; Off                ; Off                ;
; Verilog Version                                              ; Verilog_2001       ; Verilog_2001       ;
; VHDL Version                                                 ; VHDL93             ; VHDL93             ;
; State Machine Processing                                     ; Auto               ; Auto               ;
; Safe State Machine                                           ; Off                ; Off                ;
; Extract Verilog State Machines                               ; On                 ; On                 ;
; Extract VHDL State Machines                                  ; On                 ; On                 ;
; Ignore Verilog initial constructs                            ; Off                ; Off                ;
; Iteration limit for constant Verilog loops                   ; 5000               ; 5000               ;
; Iteration limit for non-constant Verilog loops               ; 250                ; 250                ;
; Add Pass-Through Logic to Inferred RAMs                      ; On                 ; On                 ;
; Parallel Synthesis                                           ; Off                ; Off                ;
; DSP Block Balancing                                          ; Auto               ; Auto               ;
; NOT Gate Push-Back                                           ; On                 ; On                 ;
; Power-Up Don't Care                                          ; On                 ; On                 ;
; Remove Redundant Logic Cells                                 ; Off                ; Off                ;
; Remove Duplicate Registers                                   ; On                 ; On                 ;
; Ignore CARRY Buffers                                         ; Off                ; Off                ;
; Ignore CASCADE Buffers                                       ; Off                ; Off                ;
; Ignore GLOBAL Buffers                                        ; Off                ; Off                ;
; Ignore ROW GLOBAL Buffers                                    ; Off                ; Off                ;
; Ignore LCELL Buffers                                         ; Off                ; Off                ;
; Ignore SOFT Buffers                                          ; On                 ; On                 ;
; Limit AHDL Integers to 32 Bits                               ; Off                ; Off                ;
; Optimization Technique                                       ; Balanced           ; Balanced           ;
; Carry Chain Length                                           ; 70                 ; 70                 ;
; Auto Carry Chains                                            ; On                 ; On                 ;
; Auto Open-Drain Pins                                         ; On                 ; On                 ;
; Perform WYSIWYG Primitive Resynthesis                        ; Off                ; Off                ;
; Auto ROM Replacement                                         ; On                 ; On                 ;
; Auto RAM Replacement                                         ; On                 ; On                 ;
; Auto DSP Block Replacement                                   ; On                 ; On                 ;
; Auto Shift Register Replacement                              ; Auto               ; Auto               ;
; Auto Clock Enable Replacement                                ; On                 ; On                 ;
; Strict RAM Replacement                                       ; Off                ; Off                ;
; Allow Synchronous Control Signals                            ; On                 ; On                 ;
; Force Use of Synchronous Clear Signals                       ; Off                ; Off                ;
; Auto RAM Block Balancing                                     ; On                 ; On                 ;
; Auto RAM to Logic Cell Conversion                            ; Off                ; Off                ;
; Auto Resource Sharing                                        ; Off                ; Off                ;
; Allow Any RAM Size For Recognition                           ; Off                ; Off                ;
; Allow Any ROM Size For Recognition                           ; Off                ; Off                ;
; Allow Any Shift Register Size For Recognition                ; Off                ; Off                ;
; Use LogicLock Constraints during Resource Balancing          ; On                 ; On                 ;
; Ignore translate_off and synthesis_off directives            ; Off                ; Off                ;
; Timing-Driven Synthesis                                      ; Off                ; Off                ;
; Show Parameter Settings Tables in Synthesis Report           ; On                 ; On                 ;
; Ignore Maximum Fan-Out Assignments                           ; Off                ; Off                ;
; Synchronization Register Chain Length                        ; 2                  ; 2                  ;
; PowerPlay Power Optimization                                 ; Normal compilation ; Normal compilation ;
; HDL message level                                            ; Level2             ; Level2             ;
; Suppress Register Optimization Related Messages              ; Off                ; Off                ;
; Number of Removed Registers Reported in Synthesis Report     ; 100                ; 100                ;
; Number of Inverted Registers Reported in Synthesis Report    ; 100                ; 100                ;
; Clock MUX Protection                                         ; On                 ; On                 ;
; Auto Gated Clock Conversion                                  ; Off                ; Off                ;
; Block Design Naming                                          ; Auto               ; Auto               ;
; SDC constraint protection                                    ; Off                ; Off                ;
; Synthesis Effort                                             ; Auto               ; Auto               ;
; Shift Register Replacement - Allow Asynchronous Clear Signal ; On                 ; On                 ;
; Analysis & Synthesis Message Level                           ; Medium             ; Medium             ;
+--------------------------------------------------------------+--------------------+--------------------+


+---------------------------------------------------------------------------------------------------------------------------------------------------------------------------------+
; Analysis & Synthesis Source Files Read                                                                                                                                          ;
+----------------------------------+-----------------+-----------------+----------------------------------------------------------------------------------------------------------+
; File Name with User-Entered Path ; Used in Netlist ; File Type       ; File Name with Absolute Path                                                                             ;
+----------------------------------+-----------------+-----------------+----------------------------------------------------------------------------------------------------------+
; pipecu.vhd                       ; yes             ; User VHDL File  ; D:/MyDocs/Documents/My Dropbox/Courses/Introduction to computer architecture/Week 11/pipeline/pipecu.vhd ;
+----------------------------------+-----------------+-----------------+----------------------------------------------------------------------------------------------------------+


+---------------------------------------------------------------+
; Analysis & Synthesis Resource Usage Summary                   ;
+---------------------------------------------+-----------------+
; Resource                                    ; Usage           ;
+---------------------------------------------+-----------------+
; Estimated Total logic elements              ; 40              ;
;                                             ;                 ;
; Total combinational functions               ; 40              ;
; Logic element usage by number of LUT inputs ;                 ;
;     -- 4 input functions                    ; 23              ;
;     -- 3 input functions                    ; 13              ;
;     -- <=2 input functions                  ; 4               ;
;                                             ;                 ;
; Logic elements by mode                      ;                 ;
;     -- normal mode                          ; 40              ;
;     -- arithmetic mode                      ; 0               ;
;                                             ;                 ;
; Total registers                             ; 0               ;
;     -- Dedicated logic registers            ; 0               ;
;     -- I/O registers                        ; 0               ;
;                                             ;                 ;
; I/O pins                                    ; 34              ;
; Maximum fan-out node                        ; opcode[2]~input ;
; Maximum fan-out                             ; 13              ;
; Total fan-out                               ; 190             ;
; Average fan-out                             ; 1.76            ;
+---------------------------------------------+-----------------+


+-----------------------------------------------------------------------------------------------------------------------------------------------------------------------------+
; Analysis & Synthesis Resource Utilization by Entity                                                                                                                         ;
+----------------------------+-------------------+--------------+-------------+--------------+---------+-----------+------+--------------+---------------------+--------------+
; Compilation Hierarchy Node ; LC Combinationals ; LC Registers ; Memory Bits ; DSP Elements ; DSP 9x9 ; DSP 18x18 ; Pins ; Virtual Pins ; Full Hierarchy Name ; Library Name ;
+----------------------------+-------------------+--------------+-------------+--------------+---------+-----------+------+--------------+---------------------+--------------+
; |pipecu                    ; 40 (40)           ; 0 (0)        ; 0           ; 0            ; 0       ; 0         ; 34   ; 0            ; |pipecu             ; work         ;
+----------------------------+-------------------+--------------+-------------+--------------+---------+-----------+------+--------------+---------------------+--------------+
Note: For table entries with two numbers listed, the numbers in parentheses indicate the number of resources of the given type used by the specific entity alone. The numbers listed outside of parentheses indicate the total resources of the given type used by the specific entity and all of its sub-entities in the hierarchy.


+------------------------------------------------------+
; General Register Statistics                          ;
+----------------------------------------------+-------+
; Statistic                                    ; Value ;
+----------------------------------------------+-------+
; Total registers                              ; 0     ;
; Number of registers using Synchronous Clear  ; 0     ;
; Number of registers using Synchronous Load   ; 0     ;
; Number of registers using Asynchronous Clear ; 0     ;
; Number of registers using Asynchronous Load  ; 0     ;
; Number of registers using Clock Enable       ; 0     ;
; Number of registers using Preset             ; 0     ;
+----------------------------------------------+-------+


+------------------------------------------------------------------------------------------------------------------------------------------+
; Multiplexer Restructuring Statistics (Restructuring Performed)                                                                           ;
+--------------------+-----------+---------------+----------------------+------------------------+------------+----------------------------+
; Multiplexer Inputs ; Bus Width ; Baseline Area ; Area if Restructured ; Saving if Restructured ; Registered ; Example Multiplexer Output ;
+--------------------+-----------+---------------+----------------------+------------------------+------------+----------------------------+
; 3:1                ; 4 bits    ; 8 LEs         ; 4 LEs                ; 4 LEs                  ; No         ; |pipecu|Mux16              ;
; 64:1               ; 5 bits    ; 210 LEs       ; 55 LEs               ; 155 LEs                ; No         ; |pipecu|Mux19              ;
+--------------------+-----------+---------------+----------------------+------------------------+------------+----------------------------+


+-------------------------------+
; Analysis & Synthesis Messages ;
+-------------------------------+
Info: *******************************************************************
Info: Running Quartus II Analysis & Synthesis
    Info: Version 9.0 Build 235 06/17/2009 Service Pack 2 SJ Web Edition
    Info: Processing started: Mon May 30 19:12:37 2011
Info: Command: quartus_map --read_settings_files=on --write_settings_files=off pipeline -c pipeline
Info: Found 2 design units, including 1 entities, in source file interstagelatch.vhd
    Info: Found design unit 1: interstageLatch-behavioural
    Info: Found entity 1: interstageLatch
Info: Found 2 design units, including 1 entities, in source file busmux2.vhd
    Info: Found design unit 1: busmux2-dataflow
    Info: Found entity 1: busmux2
Info: Found 2 design units, including 1 entities, in source file adder.vhd
    Info: Found design unit 1: adder-structural
    Info: Found entity 1: adder
Info: Found 1 design units, including 1 entities, in source file pipeline.bdf
    Info: Found entity 1: pipeline
Info: Found 4 design units, including 2 entities, in source file lpm_constant0.vhd
    Info: Found design unit 1: lpm_constant0_lpm_constant_v09-RTL
    Info: Found design unit 2: lpm_constant0-RTL
    Info: Found entity 1: lpm_constant0_lpm_constant_v09
    Info: Found entity 2: lpm_constant0
Info: Found 2 design units, including 1 entities, in source file fa.vhd
    Info: Found design unit 1: fa-dataflow
    Info: Found entity 1: fa
Info: Found 2 design units, including 1 entities, in source file insmem.vhd
    Info: Found design unit 1: insmem-dataflow
    Info: Found entity 1: insmem
Info: Found 1 design units, including 1 entities, in source file ifid.bdf
    Info: Found entity 1: ifid
Info: Found 2 design units, including 1 entities, in source file regfile.vhd
    Info: Found design unit 1: regfile-behavioural
    Info: Found entity 1: regfile
Info: Found 2 design units, including 1 entities, in source file signex.vhd
    Info: Found design unit 1: signex-behavioural
    Info: Found entity 1: signex
Info: Found 2 design units, including 1 entities, in source file pipecu.vhd
    Info: Found design unit 1: pipecu-dataflow
    Info: Found entity 1: pipecu
Info: Found 1 design units, including 1 entities, in source file idex.bdf
    Info: Found entity 1: idex
Info: Found 2 design units, including 1 entities, in source file shift2.vhd
    Info: Found design unit 1: shift2-behavioural
    Info: Found entity 1: shift2
Info: Found 2 design units, including 1 entities, in source file ce.vhd
    Info: Found design unit 1: ce-dataflow
    Info: Found entity 1: ce
Info: Found 2 design units, including 1 entities, in source file ae.vhd
    Info: Found design unit 1: ae-dataflow
    Info: Found entity 1: ae
Info: Found 2 design units, including 1 entities, in source file le.vhd
    Info: Found design unit 1: le-dataflow
    Info: Found entity 1: le
Info: Found 2 design units, including 1 entities, in source file shifter.vhd
    Info: Found design unit 1: shifter-dataflow
    Info: Found entity 1: shifter
Info: Found 2 design units, including 1 entities, in source file alu.vhd
    Info: Found design unit 1: alu-structural
    Info: Found entity 1: alu
Info: Found 2 design units, including 1 entities, in source file alus.vhd
    Info: Found design unit 1: alus-structural
    Info: Found entity 1: alus
Info: Found 1 design units, including 1 entities, in source file exmem.bdf
    Info: Found entity 1: exmem
Info: Found 2 design units, including 1 entities, in source file dmem.vhd
    Info: Found design unit 1: dmem-behavioural
    Info: Found entity 1: dmem
Info: Found 1 design units, including 1 entities, in source file memwb.bdf
    Info: Found entity 1: memwb
Info: Found 2 design units, including 1 entities, in source file busmux4.vhd
    Info: Found design unit 1: busmux4-dataflow
    Info: Found entity 1: busmux4
Info: Found 2 design units, including 1 entities, in source file zeroInterstageLatch.vhd
    Info: Found design unit 1: zeroInterstageLatch-behavioural
    Info: Found entity 1: zeroInterstageLatch
Info: Elaborating entity "pipecu" for the top level hierarchy
Warning: Design contains 1 input pin(s) that do not drive logic
    Warning (15610): No output dependent on input pin "shamt[4]"
Info: Implemented 74 device resources after synthesis - the final resource count might be different
    Info: Implemented 17 input pins
    Info: Implemented 17 output pins
    Info: Implemented 40 logic cells
Info: Quartus II Analysis & Synthesis was successful. 0 errors, 2 warnings
    Info: Peak virtual memory: 232 megabytes
    Info: Processing ended: Mon May 30 19:12:40 2011
    Info: Elapsed time: 00:00:03
    Info: Total CPU time (on all processors): 00:00:02


